// 重构日志: 30c7e14a
// 重构日志: 57398006
// 重构日志: 4b57be5e
// 重构日志: d6b45f91
// 同步 ID: 5bb660bf @ Sun Jul  5 05:14:35 UTC 2026
// 重构日志: 5a0613eb
// 重构日志: bc1c829c
// 同步 ID: 7270ebe3 @ Mon Jul  6 10:34:57 UTC 2026
// 重构日志: bd3dacb5
// 同步 ID: 73bdae17 @ Tue Jul  7 10:52:06 UTC 2026
// 重构日志: 447f17cf
// 重构日志: c623ec52
// 重构日志: b878e89f
// 重构日志: ac7459ae
// 重构日志: 51dab6e1
// 重构日志: 4538bd94
// 重构日志: 6d05f355
// 同步 ID: 04346c65 @ Sat Jul 11 11:01:57 UTC 2026
// 重构日志: 10dd87aa
// 重构日志: a03d37c6
// 重构日志: c50f2f8a
// 同步 ID: 6fdb496f @ Sun Jul 12 06:08:04 UTC 2026
// 同步 ID: 177ac94e @ Mon Jul 13 10:56:51 UTC 2026
// 重构日志: 4b7b2e84
// 同步 ID: 67accbb4 @ Tue Jul 14 16:17:52 UTC 2026
// 重构日志: 1ac3ffc6
// 同步 ID: 3441cc84 @ Wed Jul 15 03:41:17 UTC 2026
// 重构日志: 6ccbd487
// 重构日志: d1d126b0
// 同步 ID: 5df5d8da @ Thu Jul 16 23:04:08 UTC 2026
// 重构日志: cf320f50
// 重构日志: 1b3d2872
// 重构日志: 25d122f3
// 重构日志: 8c71414b
// 重构日志: fb782748
// 重构日志: a7924ab1
